<?xml version="1.0" encoding="UTF-8"?>
<!-- Generated by org.testng.reporters.JUnitReportReporter -->
<testsuite skipped="0" hostname="Pranjul" name="apiTests.Apitest" tests="1" failures="0" timestamp="2021-04-27T15:01:19 IST" time="5.383" errors="0">
  <testcase name="Getalluser" time="5.383" classname="apiTests.Apitest"/>
  <system-out/>
</testsuite> <!-- apiTests.Apitest -->
